\BOOKMARK [0][-]{chapter*.1}{\376\377\000L\000i\000s\000t\000\040\000o\000f\000\040\000T\000a\000b\000l\000e\000s}{}% 1
\BOOKMARK [0][-]{chapter*.2}{\376\377\000L\000i\000s\000t\000\040\000o\000f\000\040\000F\000i\000g\000u\000r\000e\000s}{}% 2
\BOOKMARK [0][-]{chapter*.3}{\376\377\000P\000r\000e\000f\000a\000c\000e}{}% 3
\BOOKMARK [0][-]{chapter.1}{\376\377\000D\000a\000t\000a}{}% 4
\BOOKMARK [1][-]{section.1.1}{\376\377\000F\000E\000F\000\040\000T\000r\000e\000e\000\040\000B\000i\000o\000m\000a\000s\000s\000\040\000D\000a\000t\000a\000\040\000S\000e\000t}{chapter.1}% 5
\BOOKMARK [1][-]{section.1.2}{\376\377\000F\000A\000C\000E\000\040\000E\000x\000p\000e\000r\000i\000m\000e\000n\000t\000\040\000D\000a\000t\000a\000\040\000S\000e\000t}{chapter.1}% 6
\BOOKMARK [1][-]{section.1.3}{\376\377\000P\000E\000F\000\040\000I\000n\000v\000e\000n\000t\000o\000r\000y\000\040\000a\000n\000d\000\040\000L\000i\000D\000A\000R\000\040\000D\000a\000t\000a\000\040\000S\000e\000t}{chapter.1}% 7
\BOOKMARK [1][-]{section.1.4}{\376\377\000Z\000u\000r\000i\000c\000h\000b\000e\000r\000g\000\040\000F\000o\000r\000e\000s\000t\000\040\000i\000n\000v\000e\000n\000t\000o\000r\000y\000\040\000d\000a\000t\000a\000\040\000s\000e\000t}{chapter.1}% 8
\BOOKMARK [1][-]{section.1.5}{\376\377\000L\000o\000o\000k\000i\000n\000g\000\040\000F\000o\000r\000w\000a\000r\000d}{chapter.1}% 9
\BOOKMARK [1][-]{section.1.6}{\376\377\000H\000o\000w\000\040\000t\000o\000\040\000L\000e\000a\000r\000n\000\040\000\050\000T\000h\000e\000\040\000M\000o\000s\000t\000\040\000I\000m\000p\000o\000r\000t\000a\000n\000t\000\040\000S\000e\000c\000t\000i\000o\000n\000\040\000i\000n\000\040\000T\000h\000i\000s\000\040\000B\000o\000o\000k\000!\000\051}{chapter.1}% 10
\BOOKMARK [0][-]{chapter.2}{\376\377\000I\000n\000t\000r\000o\000d\000u\000c\000t\000i\000o\000n\000\040\000t\000o\000\040\000R\000\040\000a\000n\000d\000\040\000R\000S\000t\000u\000d\000i\000o}{}% 11
\BOOKMARK [1][-]{section.2.1}{\376\377\000O\000b\000t\000a\000i\000n\000i\000n\000g\000\040\000a\000n\000d\000\040\000I\000n\000s\000t\000a\000l\000l\000i\000n\000g\000\040\000R}{chapter.2}% 12
\BOOKMARK [1][-]{section.2.2}{\376\377\000O\000b\000t\000a\000i\000n\000i\000n\000g\000\040\000a\000n\000d\000\040\000I\000n\000s\000t\000a\000l\000l\000i\000n\000g\000\040\000R\000S\000t\000u\000d\000i\000o}{chapter.2}% 13
\BOOKMARK [1][-]{section.2.3}{\376\377\000U\000s\000i\000n\000g\000\040\000R\000\040\000a\000n\000d\000\040\000R\000S\000t\000u\000d\000i\000o}{chapter.2}% 14
\BOOKMARK [2][-]{subsection.2.3.1}{\376\377\000R\000\040\000a\000s\000\040\000a\000\040\000c\000a\000l\000c\000u\000l\000a\000t\000o\000r}{section.2.3}% 15
\BOOKMARK [2][-]{subsection.2.3.2}{\376\377\000B\000a\000s\000i\000c\000\040\000d\000e\000s\000c\000r\000i\000p\000t\000i\000v\000e\000\040\000s\000t\000a\000t\000i\000s\000t\000i\000c\000s\000\040\000a\000n\000d\000\040\000g\000r\000a\000p\000h\000i\000c\000s\000\040\000i\000n\000\040\000R}{section.2.3}% 16
\BOOKMARK [2][-]{subsection.2.3.3}{\376\377\000S\000i\000m\000p\000l\000e\000\040\000l\000i\000n\000e\000a\000r\000\040\000r\000e\000g\000r\000e\000s\000s\000i\000o\000n\000\040\000i\000n\000\040\000R}{section.2.3}% 17
\BOOKMARK [1][-]{section.2.4}{\376\377\000H\000o\000w\000\040\000t\000o\000\040\000L\000e\000a\000r\000n}{chapter.2}% 18
\BOOKMARK [1][-]{section.2.5}{\376\377\000G\000e\000t\000t\000i\000n\000g\000\040\000h\000e\000l\000p}{chapter.2}% 19
\BOOKMARK [1][-]{section.2.6}{\376\377\000W\000o\000r\000k\000s\000p\000a\000c\000e\000,\000\040\000w\000o\000r\000k\000i\000n\000g\000\040\000d\000i\000r\000e\000c\000t\000o\000r\000y\000,\000\040\000a\000n\000d\000\040\000k\000e\000e\000p\000i\000n\000g\000\040\000o\000r\000g\000a\000n\000i\000z\000e\000d}{chapter.2}% 20
\BOOKMARK [1][-]{section.2.7}{\376\377\000Q\000u\000a\000l\000i\000t\000y\000\040\000o\000f\000\040\000R\000\040\000c\000o\000d\000e}{chapter.2}% 21
\BOOKMARK [2][-]{subsection.2.7.1}{\376\377\000N\000a\000m\000i\000n\000g\000\040\000F\000i\000l\000e\000s}{section.2.7}% 22
\BOOKMARK [2][-]{subsection.2.7.2}{\376\377\000N\000a\000m\000i\000n\000g\000\040\000V\000a\000r\000i\000a\000b\000l\000e\000s}{section.2.7}% 23
\BOOKMARK [2][-]{subsection.2.7.3}{\376\377\000S\000y\000n\000t\000a\000x}{section.2.7}% 24
\BOOKMARK [0][-]{chapter.3}{\376\377\000S\000c\000r\000i\000p\000t\000s\000,\000\040\000R\000\040\000M\000a\000r\000k\000d\000o\000w\000n\000,\000\040\000a\000n\000d\000\040\000R\000e\000p\000r\000o\000d\000u\000c\000i\000b\000l\000e\000\040\000R\000e\000s\000e\000a\000r\000c\000h}{}% 25
\BOOKMARK [1][-]{section.3.1}{\376\377\000S\000c\000r\000i\000p\000t\000s\000\040\000i\000n\000\040\000R}{chapter.3}% 26
\BOOKMARK [1][-]{section.3.2}{\376\377\000R\000\040\000M\000a\000r\000k\000d\000o\000w\000n}{chapter.3}% 27
\BOOKMARK [2][-]{subsection.3.2.1}{\376\377\000C\000r\000e\000a\000t\000i\000n\000g\000\040\000a\000n\000d\000\040\000p\000r\000o\000c\000e\000s\000s\000i\000n\000g\000\040\000R\000\040\000M\000a\000r\000k\000d\000o\000w\000n\000\040\000d\000o\000c\000u\000m\000e\000n\000t\000s}{section.3.2}% 28
\BOOKMARK [2][-]{subsection.3.2.2}{\376\377\000T\000e\000x\000t\000:\000\040\000L\000i\000s\000t\000s\000\040\000a\000n\000d\000\040\000H\000e\000a\000d\000e\000r\000s}{section.3.2}% 29
\BOOKMARK [2][-]{subsection.3.2.3}{\376\377\000C\000o\000d\000e\000\040\000C\000h\000u\000n\000k\000s}{section.3.2}% 30
\BOOKMARK [2][-]{subsection.3.2.4}{\376\377\000O\000u\000t\000p\000u\000t\000\040\000f\000o\000r\000m\000a\000t\000s\000\040\000o\000t\000h\000e\000r\000\040\000t\000h\000a\000n\000\040\000H\000T\000M\000L}{section.3.2}% 31
\BOOKMARK [2][-]{subsection.3.2.5}{\376\377\000L\000a\000T\000e\000X\000,\000\040\000k\000n\000i\000t\000r\000,\000\040\000a\000n\000d\000\040\000b\000o\000o\000k\000d\000o\000w\000n}{section.3.2}% 32
\BOOKMARK [0][-]{chapter.4}{\376\377\000D\000a\000t\000a\000\040\000S\000t\000r\000u\000c\000t\000u\000r\000e\000s}{}% 33
\BOOKMARK [1][-]{section.4.1}{\376\377\000V\000e\000c\000t\000o\000r\000s}{chapter.4}% 34
\BOOKMARK [2][-]{subsection.4.1.1}{\376\377\000T\000y\000p\000e\000s\000,\000\040\000C\000o\000n\000v\000e\000r\000s\000i\000o\000n\000,\000\040\000a\000n\000d\000\040\000C\000o\000e\000r\000c\000i\000o\000n}{section.4.1}% 35
\BOOKMARK [2][-]{subsection.4.1.2}{\376\377\000A\000c\000c\000e\000s\000s\000i\000n\000g\000\040\000S\000p\000e\000c\000i\000f\000i\000c\000\040\000E\000l\000e\000m\000e\000n\000t\000s\000\040\000o\000f\000\040\000V\000e\000c\000t\000o\000r\000s}{section.4.1}% 36
\BOOKMARK [1][-]{section.4.2}{\376\377\000F\000a\000c\000t\000o\000r\000s}{chapter.4}% 37
\BOOKMARK [1][-]{section.4.3}{\376\377\000N\000a\000m\000e\000s\000\040\000o\000f\000\040\000o\000b\000j\000e\000c\000t\000s\000\040\000i\000n\000\040\000R}{chapter.4}% 38
\BOOKMARK [1][-]{section.4.4}{\376\377\000M\000i\000s\000s\000i\000n\000g\000\040\000D\000a\000t\000a\000,\000\040\000I\000n\000f\000i\000n\000i\000t\000y\000,\000\040\000e\000t\000c\000.}{chapter.4}% 39
\BOOKMARK [2][-]{subsection.4.4.1}{\376\377\000I\000n\000f\000i\000n\000i\000t\000y\000\040\000a\000n\000d\000\040\000N\000a\000N}{section.4.4}% 40
\BOOKMARK [1][-]{section.4.5}{\376\377\000D\000a\000t\000a\000\040\000F\000r\000a\000m\000e\000s}{chapter.4}% 41
\BOOKMARK [2][-]{subsection.4.5.1}{\376\377\000A\000c\000c\000e\000s\000s\000i\000n\000g\000\040\000s\000p\000e\000c\000i\000f\000i\000c\000\040\000e\000l\000e\000m\000e\000n\000t\000s\000\040\000o\000f\000\040\000d\000a\000t\000a\000\040\000f\000r\000a\000m\000e\000s}{section.4.5}% 42
\BOOKMARK [1][-]{section.4.6}{\376\377\000L\000i\000s\000t\000s}{chapter.4}% 43
\BOOKMARK [2][-]{subsection.4.6.1}{\376\377\000A\000c\000c\000e\000s\000s\000i\000n\000g\000\040\000s\000p\000e\000c\000i\000f\000i\000c\000\040\000e\000l\000e\000m\000e\000n\000t\000s\000\040\000o\000f\000\040\000l\000i\000s\000t\000s}{section.4.6}% 44
\BOOKMARK [1][-]{section.4.7}{\376\377\000S\000u\000b\000s\000e\000t\000t\000i\000n\000g\000\040\000w\000i\000t\000h\000\040\000L\000o\000g\000i\000c\000a\000l\000\040\000V\000e\000c\000t\000o\000r\000s}{chapter.4}% 45
\BOOKMARK [0][-]{chapter.5}{\376\377\000M\000a\000n\000i\000p\000u\000l\000a\000t\000i\000n\000g\000\040\000D\000a\000t\000a\000\040\000w\000i\000t\000h\000\040\000d\000p\000l\000y\000r}{}% 46
\BOOKMARK [1][-]{section.5.1}{\376\377\000M\000i\000n\000n\000e\000s\000o\000t\000a\000\040\000t\000r\000e\000e\000\040\000g\000r\000o\000w\000t\000h\000\040\000d\000a\000t\000a}{chapter.5}% 47
\BOOKMARK [1][-]{section.5.2}{\376\377\000I\000m\000p\000r\000o\000v\000e\000d\000\040\000D\000a\000t\000a\000\040\000F\000r\000a\000m\000e\000s}{chapter.5}% 48
\BOOKMARK [1][-]{section.5.3}{\376\377\000F\000i\000l\000t\000e\000r\000i\000n\000g\000\040\000D\000a\000t\000a\000\040\000B\000y\000\040\000R\000o\000w}{chapter.5}% 49
\BOOKMARK [1][-]{section.5.4}{\376\377\000S\000e\000l\000e\000c\000t\000i\000n\000g\000\040\000V\000a\000r\000i\000a\000b\000l\000e\000s\000\040\000b\000y\000\040\000C\000o\000l\000u\000m\000n}{chapter.5}% 50
\BOOKMARK [1][-]{section.5.5}{\376\377\000P\000i\000p\000e\000s}{chapter.5}% 51
\BOOKMARK [1][-]{section.5.6}{\376\377\000A\000r\000r\000a\000n\000g\000i\000n\000g\000\040\000D\000a\000t\000a\000\040\000b\000y\000\040\000R\000o\000w}{chapter.5}% 52
\BOOKMARK [1][-]{section.5.7}{\376\377\000R\000e\000n\000a\000m\000i\000n\000g\000\040\000V\000a\000r\000i\000a\000b\000l\000e\000s}{chapter.5}% 53
\BOOKMARK [1][-]{section.5.8}{\376\377\000C\000r\000e\000a\000t\000i\000n\000g\000\040\000N\000e\000w\000\040\000V\000a\000r\000i\000a\000b\000l\000e\000s}{chapter.5}% 54
\BOOKMARK [1][-]{section.5.9}{\376\377\000D\000a\000t\000a\000\040\000S\000u\000m\000m\000a\000r\000i\000e\000s\000\040\000a\000n\000d\000\040\000G\000r\000o\000u\000p\000i\000n\000g}{chapter.5}% 55
\BOOKMARK [1][-]{section.5.10}{\376\377\000C\000o\000u\000n\000t\000s}{chapter.5}% 56
\BOOKMARK [0][-]{chapter.6}{\376\377\000F\000u\000n\000c\000t\000i\000o\000n\000s\000\040\000a\000n\000d\000\040\000P\000r\000o\000g\000r\000a\000m\000m\000i\000n\000g}{}% 57
\BOOKMARK [1][-]{section.6.1}{\376\377\000R\000\040\000F\000u\000n\000c\000t\000i\000o\000n\000s}{chapter.6}% 58
\BOOKMARK [1][-]{section.6.2}{\376\377\000P\000r\000o\000g\000r\000a\000m\000m\000i\000n\000g\000:\000\040\000C\000o\000n\000d\000i\000t\000i\000o\000n\000a\000l\000\040\000S\000t\000a\000t\000e\000m\000e\000n\000t\000s}{chapter.6}% 59
\BOOKMARK [2][-]{subsection.6.2.1}{\376\377\000C\000o\000m\000p\000a\000r\000i\000s\000o\000n\000\040\000a\000n\000d\000\040\000L\000o\000g\000i\000c\000a\000l\000\040\000O\000p\000e\000r\000a\000t\000o\000r\000s}{section.6.2}% 60
\BOOKMARK [2][-]{subsection.6.2.2}{\376\377\000F\000u\000n\000c\000t\000i\000o\000n\000s\000\040\000w\000i\000t\000h\000\040\000M\000u\000l\000t\000i\000p\000l\000e\000\040\000R\000e\000t\000u\000r\000n\000s}{section.6.2}% 61
\BOOKMARK [2][-]{subsection.6.2.3}{\376\377\000C\000r\000e\000a\000t\000i\000n\000g\000\040\000f\000u\000n\000c\000t\000i\000o\000n\000s}{section.6.2}% 62
\BOOKMARK [1][-]{section.6.3}{\376\377\000M\000o\000r\000e\000\040\000o\000n\000\040\000F\000u\000n\000c\000t\000i\000o\000n\000s}{chapter.6}% 63
\BOOKMARK [2][-]{subsection.6.3.1}{\376\377\000C\000a\000l\000l\000i\000n\000g\000\040\000F\000u\000n\000c\000t\000i\000o\000n\000s}{section.6.3}% 64
\BOOKMARK [2][-]{subsection.6.3.2}{\376\377\000T\000h\000e\000\040\000.\000.\000.\000\040\000A\000r\000g\000u\000m\000e\000n\000t}{section.6.3}% 65
\BOOKMARK [0][-]{chapter.7}{\376\377\000W\000o\000r\000k\000i\000n\000g\000\040\000w\000i\000t\000h\000\040\000D\000a\000t\000a\000\040\000S\000o\000u\000r\000c\000e\000s}{}% 66
\BOOKMARK [1][-]{section.7.1}{\376\377\000R\000e\000a\000d\000i\000n\000g\000\040\000D\000a\000t\000a\000\040\000i\000n\000t\000o\000\040\000R}{chapter.7}% 67
\BOOKMARK [1][-]{section.7.2}{\376\377\000R\000e\000a\000d\000i\000n\000g\000\040\000D\000a\000t\000a\000\040\000w\000i\000t\000h\000\040\000m\000i\000s\000s\000i\000n\000g\000\040\000o\000b\000s\000e\000r\000v\000a\000t\000i\000o\000n\000s}{chapter.7}% 68
\BOOKMARK [0][-]{chapter.8}{\376\377\000S\000p\000a\000t\000i\000a\000l\000\040\000D\000a\000t\000a\000\040\000V\000i\000s\000u\000a\000l\000i\000z\000a\000t\000i\000o\000n\000\040\000a\000n\000d\000\040\000A\000n\000a\000l\000y\000s\000i\000s}{}% 69
\BOOKMARK [1][-]{section.8.1}{\376\377\000O\000v\000e\000r\000v\000i\000e\000w}{chapter.8}% 70
\BOOKMARK [2][-]{subsection.8.1.1}{\376\377\000S\000o\000m\000e\000\040\000S\000p\000a\000t\000i\000a\000l\000\040\000D\000a\000t\000a\000\040\000P\000a\000c\000k\000a\000g\000e\000s}{section.8.1}% 71
\BOOKMARK [1][-]{section.8.2}{\376\377\000M\000o\000t\000i\000v\000a\000t\000i\000n\000g\000\040\000D\000a\000t\000a}{chapter.8}% 72
\BOOKMARK [1][-]{section.8.3}{\376\377\000R\000e\000a\000d\000i\000n\000g\000\040\000S\000p\000a\000t\000i\000a\000l\000\040\000D\000a\000t\000a\000\040\000i\000n\000t\000o\000\040\000R}{chapter.8}% 73
\BOOKMARK [1][-]{section.8.4}{\376\377\000C\000o\000o\000r\000d\000i\000n\000a\000t\000e\000\040\000R\000e\000f\000e\000r\000e\000n\000c\000e\000\040\000S\000y\000s\000t\000e\000m\000s}{chapter.8}% 74
\BOOKMARK [1][-]{section.8.5}{\376\377\000I\000l\000l\000u\000s\000t\000r\000a\000t\000i\000o\000n\000\040\000u\000s\000i\000n\000g\000\040\000g\000g\000m\000a\000p}{chapter.8}% 75
\BOOKMARK [1][-]{section.8.6}{\376\377\000I\000l\000l\000u\000s\000t\000r\000a\000t\000i\000o\000n\000\040\000u\000s\000i\000n\000g\000\040\000l\000e\000a\000f\000l\000e\000t}{chapter.8}% 76
\BOOKMARK [1][-]{section.8.7}{\376\377\000S\000u\000b\000s\000e\000t\000t\000i\000n\000g\000\040\000S\000p\000a\000t\000i\000a\000l\000\040\000D\000a\000t\000a}{chapter.8}% 77
\BOOKMARK [2][-]{subsection.8.7.1}{\376\377\000F\000e\000t\000c\000h\000i\000n\000g\000\040\000a\000n\000d\000\040\000C\000r\000o\000p\000p\000i\000n\000g\000\040\000D\000a\000t\000a\000\040\000u\000s\000i\000n\000g\000\040\000r\000a\000s\000t\000e\000r}{section.8.7}% 78
\BOOKMARK [2][-]{subsection.8.7.2}{\376\377\000L\000o\000g\000i\000c\000a\000l\000,\000\040\000I\000n\000d\000e\000x\000,\000\040\000a\000n\000d\000\040\000N\000a\000m\000e\000\040\000S\000u\000b\000s\000e\000t\000t\000i\000n\000g}{section.8.7}% 79
\BOOKMARK [2][-]{subsection.8.7.3}{\376\377\000S\000p\000a\000t\000i\000a\000l\000\040\000S\000u\000b\000s\000e\000t\000t\000i\000n\000g\000\040\000a\000n\000d\000\040\000O\000v\000e\000r\000l\000a\000y}{section.8.7}% 80
\BOOKMARK [2][-]{subsection.8.7.4}{\376\377\000S\000p\000a\000t\000i\000a\000l\000\040\000A\000g\000g\000r\000e\000g\000a\000t\000i\000o\000n}{section.8.7}% 81
\BOOKMARK [1][-]{section.8.8}{\376\377\000W\000h\000e\000r\000e\000\040\000t\000o\000\040\000g\000o\000\040\000f\000r\000o\000m\000\040\000h\000e\000r\000e}{chapter.8}% 82
\BOOKMARK [0][-]{chapter*.22}{\376\377\000B\000i\000b\000l\000i\000o\000g\000r\000a\000p\000h\000y}{}% 83
